<?xml version="1.0" encoding="UTF-8"?>
<testng-results skipped="0" failed="0" total="1" passed="1">
  <reporter-output>
  </reporter-output>
  <suite name="test.LoginTest" duration-ms="2807" started-at="2022-05-23T01:39:57Z" finished-at="2022-05-23T01:40:00Z">
    <groups>
    </groups>
    <test name="Command line test" duration-ms="2807" started-at="2022-05-23T01:39:57Z" finished-at="2022-05-23T01:40:00Z">
      <class name="test.LoginTest">
        <test-method status="PASS" signature="validUserShouldbeAbleToLogin()[pri:0, instance:test.LoginTest@30c7da1e]" name="validUserShouldbeAbleToLogin" duration-ms="2799" started-at="2022-05-22T21:39:57Z" finished-at="2022-05-22T21:40:00Z">
          <reporter-output>
          </reporter-output>
        </test-method> <!-- validUserShouldbeAbleToLogin -->
      </class> <!-- test.LoginTest -->
    </test> <!-- Command line test -->
  </suite> <!-- test.LoginTest -->
</testng-results>
