<?xml version="1.0" encoding="UTF-8"?>
<testng-results skipped="0" failed="0" ignored="0" total="1" passed="1">
  <reporter-output>
  </reporter-output>
  <suite name="Default suite" duration-ms="2899" started-at="2022-05-31T21:35:25 EDT" finished-at="2022-05-31T21:35:28 EDT">
    <groups>
    </groups>
    <test name="Default test" duration-ms="2899" started-at="2022-05-31T21:35:25 EDT" finished-at="2022-05-31T21:35:28 EDT">
      <class name="test.LoginTest">
        <test-method status="PASS" signature="validUserShouldbeAbleToLogin()[pri:0, instance:test.LoginTest@1e800aaa]" name="validUserShouldbeAbleToLogin" duration-ms="2878" started-at="2022-05-31T21:35:25 EDT" finished-at="2022-05-31T21:35:28 EDT">
          <reporter-output>
          </reporter-output>
        </test-method> <!-- validUserShouldbeAbleToLogin -->
      </class> <!-- test.LoginTest -->
    </test> <!-- Default test -->
  </suite> <!-- Default suite -->
</testng-results>
