<?xml version="1.0" encoding="UTF-8"?>
<testng-results skipped="0" failed="0" ignored="0" total="1" passed="1">
  <reporter-output>
  </reporter-output>
  <suite name="Default suite" duration-ms="5937" started-at="2022-05-24T19:09:30 EDT" finished-at="2022-05-24T19:09:35 EDT">
    <groups>
    </groups>
    <test name="Default test" duration-ms="5937" started-at="2022-05-24T19:09:30 EDT" finished-at="2022-05-24T19:09:35 EDT">
      <class name="test.ListCustomersTest">
        <test-method status="PASS" signature="userShouldBeAbleToAddContact()[pri:0, instance:test.ListCustomersTest@6f03482]" name="userShouldBeAbleToAddContact" duration-ms="5915" started-at="2022-05-24T19:09:30 EDT" finished-at="2022-05-24T19:09:35 EDT">
          <reporter-output>
          </reporter-output>
        </test-method> <!-- userShouldBeAbleToAddContact -->
      </class> <!-- test.ListCustomersTest -->
    </test> <!-- Default test -->
  </suite> <!-- Default suite -->
</testng-results>
